0 info it worked if it ends with ok
1 verbose cli [ '/Users/jackson/.nvm/versions/node/v6.3.1/bin/node',
1 verbose cli   '/Users/jackson/.nvm/versions/node/v6.3.1/bin/npm',
1 verbose cli   'run',
1 verbose cli   'test' ]
2 info using npm@3.10.7
3 info using node@v6.3.1
4 verbose run-script [ 'pretest', 'test', 'posttest' ]
5 info lifecycle busboy@0.2.14~pretest: busboy@0.2.14
6 silly lifecycle busboy@0.2.14~pretest: no script for pretest, continuing
7 info lifecycle busboy@0.2.14~test: busboy@0.2.14
8 verbose lifecycle busboy@0.2.14~test: unsafe-perm in lifecycle true
9 verbose lifecycle busboy@0.2.14~test: PATH: /Users/jackson/.nvm/versions/node/v6.3.1/lib/node_modules/npm/bin/node-gyp-bin:/Users/jackson/dev/busboy/node_modules/.bin:/Users/jackson/.nvm/versions/node/v6.3.1/bin:/usr/local/opt/pyenv/shims:/usr/local/opt/pyenv/bin:/usr/local/opt/rbenv/shims:/usr/local/opt/rbenv/bin:/Users/jackson/dev/go/bin:/usr/local/bin:/usr/bin:/bin:/usr/sbin:/sbin:/Users/jackson/.scripts
10 verbose lifecycle busboy@0.2.14~test: CWD: /Users/jackson/dev/busboy
11 silly lifecycle busboy@0.2.14~test: Args: [ '-c', 'node test/test.js' ]
12 silly lifecycle busboy@0.2.14~test: Returned: code: 1  signal: null
13 info lifecycle busboy@0.2.14~test: Failed to exec test script
14 verbose stack Error: busboy@0.2.14 test: `node test/test.js`
14 verbose stack Exit status 1
14 verbose stack     at EventEmitter.<anonymous> (/Users/jackson/.nvm/versions/node/v6.3.1/lib/node_modules/npm/lib/utils/lifecycle.js:255:16)
14 verbose stack     at emitTwo (events.js:106:13)
14 verbose stack     at EventEmitter.emit (events.js:191:7)
14 verbose stack     at ChildProcess.<anonymous> (/Users/jackson/.nvm/versions/node/v6.3.1/lib/node_modules/npm/lib/utils/spawn.js:40:14)
14 verbose stack     at emitTwo (events.js:106:13)
14 verbose stack     at ChildProcess.emit (events.js:191:7)
14 verbose stack     at maybeClose (internal/child_process.js:852:16)
14 verbose stack     at Process.ChildProcess._handle.onexit (internal/child_process.js:215:5)
15 verbose pkgid busboy@0.2.14
16 verbose cwd /Users/jackson/dev/busboy
17 error Darwin 14.5.0
18 error argv "/Users/jackson/.nvm/versions/node/v6.3.1/bin/node" "/Users/jackson/.nvm/versions/node/v6.3.1/bin/npm" "run" "test"
19 error node v6.3.1
20 error npm  v3.10.7
21 error code ELIFECYCLE
22 error busboy@0.2.14 test: `node test/test.js`
22 error Exit status 1
23 error Failed at the busboy@0.2.14 test script 'node test/test.js'.
23 error Make sure you have the latest version of node.js and npm installed.
23 error If you do, this is most likely a problem with the busboy package,
23 error not with npm itself.
23 error Tell the author that this fails on your system:
23 error     node test/test.js
23 error You can get information on how to open an issue for this project with:
23 error     npm bugs busboy
23 error Or if that isn't available, you can get their info via:
23 error     npm owner ls busboy
23 error There is likely additional logging output above.
24 verbose exit [ 1, true ]
